Traceback (most recent call last):
  File "C:\Users\kageyama\Tools\Python\00_TASKREPORT1224\src\create_task_report.py", line 43, in <module>
    element_utils.set(driver,"name",constants.NEW_BUG_BUTTON_DOM_ATTRIBUTE).click()
    ~~~~~~~~~~~~~~~~~^^^^^^^^^^^^^^^^^^^^^^^^^^^^^^^^^^^^^^^^^^^^^^^^^^^^^^
  File "C:\Users\kageyama\Tools\Python\00_TASKREPORT1224\src\element_utils.py", line 9, in set
    return driver.find_element(By.NAME,element)
           ~~~~~~~~~~~~~~~~~~~^^^^^^^^^^^^^^^^^
  File "C:\Users\kageyama\AppData\Local\Programs\Python\Python313\Lib\site-packages\selenium\webdriver\remote\webdriver.py", line 898, in find_element
    return self.execute(Command.FIND_ELEMENT, {"using": by, "value": value})["value"]
           ~~~~~~~~~~~~^^^^^^^^^^^^^^^^^^^^^^^^^^^^^^^^^^^^^^^^^^^^^^^^^^^^^
  File "C:\Users\kageyama\AppData\Local\Programs\Python\Python313\Lib\site-packages\selenium\webdriver\remote\webdriver.py", line 429, in execute
    self.error_handler.check_response(response)
    ~~~~~~~~~~~~~~~~~~~~~~~~~~~~~~~~~^^^^^^^^^^
  File "C:\Users\kageyama\AppData\Local\Programs\Python\Python313\Lib\site-packages\selenium\webdriver\remote\errorhandler.py", line 232, in check_response
    raise exception_class(message, screen, stacktrace)
selenium.common.exceptions.NoSuchElementException: Message: no such element: Unable to locate element: {"method":"css selector","selector":"[name="goindex"]"}
  (Session info: chrome=143.0.7499.147); For documentation on this error, please visit: https://www.selenium.dev/documentation/webdriver/troubleshooting/errors#no-such-element-exception
Stacktrace:
Symbols not available. Dumping unresolved backtrace:
	0x7ff77f3d88e5
	0x7ff77f3d8940
	0x7ff77f1b165d
	0x7ff77f209a33
	0x7ff77f209d3c
	0x7ff77f25df67
	0x7ff77f25ac97
	0x7ff77f1fac29
	0x7ff77f1fba93
	0x7ff77f6f0640
	0x7ff77f6eaf80
	0x7ff77f7096e6
	0x7ff77f3f5de4
	0x7ff77f3fed8c
	0x7ff77f3e2004
	0x7ff77f3e21b5
	0x7ff77f3c7ee2
	0x7ffdd0eae8d7
	0x7ffdd25ac53c

